<?xml version="1.0" encoding="UTF-8"?>
<testsuite name="com.medilabo.patients.unit.PatientTests$validationTests$birthDateTests" tests="2" skipped="0" failures="0" errors="0" timestamp="2024-03-01T10:50:44" hostname="DESKTOP-DQI6T39" time="0.149">
  <properties/>
  <testcase name="birthDatePast()" classname="com.medilabo.patients.unit.PatientTests$validationTests$birthDateTests" time="0.018"/>
  <testcase name="birthDateNotNull()" classname="com.medilabo.patients.unit.PatientTests$validationTests$birthDateTests" time="0.12"/>
  <system-out><![CDATA[]]></system-out>
  <system-err><![CDATA[]]></system-err>
</testsuite>
