<?xml version="1.0" encoding="UTF-8"?>
<testsuite name="com.medilabo.patients.PatientTests$validationTests$lastNameTests" tests="2" skipped="0" failures="0" errors="0" timestamp="2024-01-24T16:44:19" hostname="DESKTOP-DQI6T39" time="0.075">
  <properties/>
  <testcase name="lastNameSize()" classname="com.medilabo.patients.PatientTests$validationTests$lastNameTests" time="0.014"/>
  <testcase name="lastNameNotNull()" classname="com.medilabo.patients.PatientTests$validationTests$lastNameTests" time="0.025"/>
  <system-out><![CDATA[]]></system-out>
  <system-err><![CDATA[]]></system-err>
</testsuite>
