<?xml version="1.0" encoding="UTF-8"?>
<testsuite name="com.medilabo.patients.unit.PatientControllerTests$addPatientTests" tests="2" skipped="0" failures="0" errors="0" timestamp="2024-02-06T12:19:14" hostname="DESKTOP-DQI6T39" time="0.011">
  <properties/>
  <testcase name="addPatientTestIfNotPatientValid()" classname="com.medilabo.patients.unit.PatientControllerTests$addPatientTests" time="0.005"/>
  <testcase name="addPatientTest()" classname="com.medilabo.patients.unit.PatientControllerTests$addPatientTests" time="0.004"/>
  <system-out><![CDATA[]]></system-out>
  <system-err><![CDATA[]]></system-err>
</testsuite>
