<?xml version="1.0" encoding="UTF-8"?>
<testsuite name="com.medilabo.patients.unit.PatientControllerTests$getPatientByIdTests" tests="1" skipped="0" failures="0" errors="0" timestamp="2024-03-01T10:50:43" hostname="DESKTOP-DQI6T39" time="0.006">
  <properties/>
  <testcase name="getPatientByIdTest()" classname="com.medilabo.patients.unit.PatientControllerTests$getPatientByIdTests" time="0.006"/>
  <system-out><![CDATA[2024-03-01T11:50:43.560+01:00  INFO 12720 --- [    Test worker] c.m.p.controller.PatientController       : received request to get patient 1
]]></system-out>
  <system-err><![CDATA[]]></system-err>
</testsuite>
