<?xml version="1.0" encoding="UTF-8"?>
<testsuite name="com.medilabo.patients.PatientTests$validationTests$birthDateTests" tests="2" skipped="0" failures="0" errors="0" timestamp="2024-01-24T16:44:19" hostname="DESKTOP-DQI6T39" time="0.088">
  <properties/>
  <testcase name="birthDatePast()" classname="com.medilabo.patients.PatientTests$validationTests$birthDateTests" time="0.008"/>
  <testcase name="birthDateNotNull()" classname="com.medilabo.patients.PatientTests$validationTests$birthDateTests" time="0.072"/>
  <system-out><![CDATA[]]></system-out>
  <system-err><![CDATA[]]></system-err>
</testsuite>
