<?xml version="1.0" encoding="UTF-8"?>
<testsuite name="com.medilabo.patients.UnitTests.PatientTests$validationTests$birthDateTests" tests="2" skipped="0" failures="0" errors="0" timestamp="2024-01-26T14:37:31" hostname="DESKTOP-DQI6T39" time="0.023">
  <properties/>
  <testcase name="birthDatePast()" classname="com.medilabo.patients.UnitTests.PatientTests$validationTests$birthDateTests" time="0.008"/>
  <testcase name="birthDateNotNull()" classname="com.medilabo.patients.UnitTests.PatientTests$validationTests$birthDateTests" time="0.008"/>
  <system-out><![CDATA[]]></system-out>
  <system-err><![CDATA[]]></system-err>
</testsuite>
