<?xml version="1.0" encoding="UTF-8"?>
<testsuite name="com.medilabo.patients.UnitTests.PatientControllerTests$getPatientByIdTests" tests="1" skipped="0" failures="0" errors="0" timestamp="2024-01-26T14:37:30" hostname="DESKTOP-DQI6T39" time="0.008">
  <properties/>
  <testcase name="getPatientByIdTest()" classname="com.medilabo.patients.UnitTests.PatientControllerTests$getPatientByIdTests" time="0.008"/>
  <system-out><![CDATA[]]></system-out>
  <system-err><![CDATA[]]></system-err>
</testsuite>
