<?xml version="1.0" encoding="UTF-8"?>
<testsuite name="com.medilabo.patients.unit.PatientTests$validationTests$addressTests" tests="1" skipped="0" failures="0" errors="0" timestamp="2024-02-09T10:47:56" hostname="DESKTOP-DQI6T39" time="0.009">
  <properties/>
  <testcase name="addressSize()" classname="com.medilabo.patients.unit.PatientTests$validationTests$addressTests" time="0.009"/>
  <system-out><![CDATA[]]></system-out>
  <system-err><![CDATA[]]></system-err>
</testsuite>
