<?xml version="1.0" encoding="UTF-8"?>
<testsuite name="com.medilabo.patients.unit.PatientTests$validationTests$lastNameTests" tests="2" skipped="0" failures="0" errors="0" timestamp="2024-02-09T10:47:56" hostname="DESKTOP-DQI6T39" time="0.231">
  <properties/>
  <testcase name="lastNameSize()" classname="com.medilabo.patients.unit.PatientTests$validationTests$lastNameTests" time="0.215"/>
  <testcase name="lastNameNotNull()" classname="com.medilabo.patients.unit.PatientTests$validationTests$lastNameTests" time="0.006"/>
  <system-out><![CDATA[]]></system-out>
  <system-err><![CDATA[]]></system-err>
</testsuite>
