<?xml version="1.0" encoding="UTF-8"?>
<testsuite name="com.medilabo.patients.unit.PatientControllerTests$updatePatientTests" tests="3" skipped="0" failures="0" errors="0" timestamp="2024-01-26T20:31:32" hostname="DESKTOP-DQI6T39" time="0.059">
  <properties/>
  <testcase name="updatePatientTestIfPatientNotInDB()" classname="com.medilabo.patients.unit.PatientControllerTests$updatePatientTests" time="0.025"/>
  <testcase name="updatePatientTest()" classname="com.medilabo.patients.unit.PatientControllerTests$updatePatientTests" time="0.008"/>
  <testcase name="updatePatientTestIfNotValidPatient()" classname="com.medilabo.patients.unit.PatientControllerTests$updatePatientTests" time="0.007"/>
  <system-out><![CDATA[]]></system-out>
  <system-err><![CDATA[]]></system-err>
</testsuite>
