<?xml version="1.0" encoding="UTF-8"?>
<testsuite name="com.medilabo.patients.unit.PatientControllerTests$updatePatientTests" tests="3" skipped="0" failures="0" errors="0" timestamp="2024-02-05T10:50:53" hostname="DESKTOP-DQI6T39" time="0.074">
  <properties/>
  <testcase name="updatePatientTestIfPatientNotInDB()" classname="com.medilabo.patients.unit.PatientControllerTests$updatePatientTests" time="0.015"/>
  <testcase name="updatePatientTest()" classname="com.medilabo.patients.unit.PatientControllerTests$updatePatientTests" time="0.011"/>
  <testcase name="updatePatientTestIfNotValidPatient()" classname="com.medilabo.patients.unit.PatientControllerTests$updatePatientTests" time="0.039"/>
  <system-out><![CDATA[]]></system-out>
  <system-err><![CDATA[]]></system-err>
</testsuite>
