<?xml version="1.0" encoding="UTF-8"?>
<testsuite name="com.medilabo.patients.PatientTests$validationTests$firstNameTests" tests="2" skipped="0" failures="0" errors="0" timestamp="2024-01-24T16:44:19" hostname="DESKTOP-DQI6T39" time="0.052">
  <properties/>
  <testcase name="firstNameSize()" classname="com.medilabo.patients.PatientTests$validationTests$firstNameTests" time="0.017"/>
  <testcase name="firstNameNotNull()" classname="com.medilabo.patients.PatientTests$validationTests$firstNameTests" time="0.023"/>
  <system-out><![CDATA[]]></system-out>
  <system-err><![CDATA[]]></system-err>
</testsuite>
