<?xml version="1.0" encoding="UTF-8"?>
<testsuite name="com.medilabo.patients.UnitTests.PatientTests$validationTests$phoneNumberTests" tests="3" skipped="0" failures="0" errors="0" timestamp="2024-01-26T14:37:31" hostname="DESKTOP-DQI6T39" time="0.065">
  <properties/>
  <testcase name="phoneNumberNonNumerical()" classname="com.medilabo.patients.UnitTests.PatientTests$validationTests$phoneNumberTests" time="0.034"/>
  <testcase name="phoneNumberSizeTooBig()" classname="com.medilabo.patients.UnitTests.PatientTests$validationTests$phoneNumberTests" time="0.009"/>
  <testcase name="phoneNumberSizeTooSmall()" classname="com.medilabo.patients.UnitTests.PatientTests$validationTests$phoneNumberTests" time="0.011"/>
  <system-out><![CDATA[]]></system-out>
  <system-err><![CDATA[]]></system-err>
</testsuite>
