<?xml version="1.0" encoding="UTF-8"?>
<testsuite name="com.medilabo.patients.unit.PatientTests$validationTests$birthDateTests" tests="2" skipped="0" failures="0" errors="0" timestamp="2024-02-15T12:47:10" hostname="DESKTOP-DQI6T39" time="0.017">
  <properties/>
  <testcase name="birthDatePast()" classname="com.medilabo.patients.unit.PatientTests$validationTests$birthDateTests" time="0.006"/>
  <testcase name="birthDateNotNull()" classname="com.medilabo.patients.unit.PatientTests$validationTests$birthDateTests" time="0.006"/>
  <system-out><![CDATA[]]></system-out>
  <system-err><![CDATA[]]></system-err>
</testsuite>
