<?xml version="1.0" encoding="UTF-8"?>
<testsuite name="com.medilabo.patients.UnitTests.PatientServiceTests$findByIdTests" tests="1" skipped="0" failures="0" errors="0" timestamp="2024-01-26T14:37:31" hostname="DESKTOP-DQI6T39" time="0.003">
  <properties/>
  <testcase name="findByIdTest()" classname="com.medilabo.patients.UnitTests.PatientServiceTests$findByIdTests" time="0.003"/>
  <system-out><![CDATA[]]></system-out>
  <system-err><![CDATA[]]></system-err>
</testsuite>
