<?xml version="1.0" encoding="UTF-8"?>
<testsuite name="com.medilabo.patients.UnitTests.PatientTests$validationTests$lastNameTests" tests="2" skipped="0" failures="0" errors="0" timestamp="2024-01-26T14:37:31" hostname="DESKTOP-DQI6T39" time="0.028">
  <properties/>
  <testcase name="lastNameSize()" classname="com.medilabo.patients.UnitTests.PatientTests$validationTests$lastNameTests" time="0.011"/>
  <testcase name="lastNameNotNull()" classname="com.medilabo.patients.UnitTests.PatientTests$validationTests$lastNameTests" time="0.012"/>
  <system-out><![CDATA[]]></system-out>
  <system-err><![CDATA[]]></system-err>
</testsuite>
