<?xml version="1.0" encoding="UTF-8"?>
<testsuite name="com.medilabo.patients.unit.PatientControllerTests$getPatientByIdTests" tests="1" skipped="0" failures="0" errors="0" timestamp="2024-02-15T12:47:09" hostname="DESKTOP-DQI6T39" time="0.009">
  <properties/>
  <testcase name="getPatientByIdTest()" classname="com.medilabo.patients.unit.PatientControllerTests$getPatientByIdTests" time="0.009"/>
  <system-out><![CDATA[2024-02-15T13:47:09.644+01:00  INFO 12848 --- [    Test worker] c.m.p.controller.PatientController       : received request to get patient 1
]]></system-out>
  <system-err><![CDATA[]]></system-err>
</testsuite>
