<?xml version="1.0" encoding="UTF-8"?>
<testsuite name="com.medilabo.patients.integration.PatientIntegrationTests$getPatientByIdTests" tests="1" skipped="0" failures="0" errors="0" timestamp="2024-02-14T11:39:45" hostname="DESKTOP-DQI6T39" time="0.033">
  <properties/>
  <testcase name="getPatientByIdTest()" classname="com.medilabo.patients.integration.PatientIntegrationTests$getPatientByIdTests" time="0.033"/>
  <system-out><![CDATA[2024-02-14T12:39:45.124+01:00  INFO 1696 --- [    Test worker] t.c.s.AnnotationConfigContextLoaderUtils : Could not detect default configuration classes for test class [com.medilabo.patients.integration.PatientIntegrationTests$getPatientByIdTests]: getPatientByIdTests does not declare any static, non-private, non-final, nested classes annotated with @Configuration.
2024-02-14T12:39:45.129+01:00  INFO 1696 --- [    Test worker] .b.t.c.SpringBootTestContextBootstrapper : Found @SpringBootConfiguration com.medilabo.patients.PatientsApplication for test class com.medilabo.patients.integration.PatientIntegrationTests$getPatientByIdTests
2024-02-14T12:39:45.148+01:00  INFO 1696 --- [    Test worker] c.m.p.controller.PatientController       : received request to get patient 5602
]]></system-out>
  <system-err><![CDATA[]]></system-err>
</testsuite>
