<?xml version="1.0" encoding="UTF-8"?>
<testsuite name="com.medilabo.patients.unit.PatientTests$validationTests$firstNameTests" tests="2" skipped="0" failures="0" errors="0" timestamp="2024-02-09T10:47:57" hostname="DESKTOP-DQI6T39" time="0.219">
  <properties/>
  <testcase name="firstNameSize()" classname="com.medilabo.patients.unit.PatientTests$validationTests$firstNameTests" time="0.01"/>
  <testcase name="firstNameNotNull()" classname="com.medilabo.patients.unit.PatientTests$validationTests$firstNameTests" time="0.016"/>
  <system-out><![CDATA[]]></system-out>
  <system-err><![CDATA[]]></system-err>
</testsuite>
