<?xml version="1.0" encoding="UTF-8"?>
<testsuite name="com.medilabo.patients.integration.PatientIntegrationTests$getPatientByIdTests" tests="1" skipped="0" failures="0" errors="0" timestamp="2024-01-26T20:31:31" hostname="DESKTOP-DQI6T39" time="0.043">
  <properties/>
  <testcase name="getPatientByIdTest()" classname="com.medilabo.patients.integration.PatientIntegrationTests$getPatientByIdTests" time="0.043"/>
  <system-out><![CDATA[2024-01-26T21:31:31.881+01:00  INFO 13968 --- [    Test worker] t.c.s.AnnotationConfigContextLoaderUtils : Could not detect default configuration classes for test class [com.medilabo.patients.integration.PatientIntegrationTests$getPatientByIdTests]: getPatientByIdTests does not declare any static, non-private, non-final, nested classes annotated with @Configuration.
2024-01-26T21:31:31.890+01:00  INFO 13968 --- [    Test worker] .b.t.c.SpringBootTestContextBootstrapper : Found @SpringBootConfiguration com.medilabo.patients.PatientsApplication for test class com.medilabo.patients.integration.PatientIntegrationTests$getPatientByIdTests
]]></system-out>
  <system-err><![CDATA[]]></system-err>
</testsuite>
