<?xml version="1.0" encoding="UTF-8"?>
<testsuite name="com.medilabo.patients.unit.PatientServiceTests$findByIdTests" tests="1" skipped="0" failures="0" errors="0" timestamp="2024-02-06T12:19:15" hostname="DESKTOP-DQI6T39" time="0.004">
  <properties/>
  <testcase name="findByIdTest()" classname="com.medilabo.patients.unit.PatientServiceTests$findByIdTests" time="0.004"/>
  <system-out><![CDATA[]]></system-out>
  <system-err><![CDATA[]]></system-err>
</testsuite>
