<?xml version="1.0" encoding="UTF-8"?>
<testsuite name="com.medilabo.patients.unit.PatientServiceTests$savePatientTests" tests="1" skipped="0" failures="0" errors="0" timestamp="2024-01-26T20:31:33" hostname="DESKTOP-DQI6T39" time="0.004">
  <properties/>
  <testcase name="savePatientTest()" classname="com.medilabo.patients.unit.PatientServiceTests$savePatientTests" time="0.004"/>
  <system-out><![CDATA[]]></system-out>
  <system-err><![CDATA[]]></system-err>
</testsuite>
