<?xml version="1.0" encoding="UTF-8"?>
<testsuite name="com.medilabo.patients.unit.PatientControllerTests$getAllTests" tests="1" skipped="0" failures="0" errors="0" timestamp="2024-03-01T10:50:43" hostname="DESKTOP-DQI6T39" time="0.006">
  <properties/>
  <testcase name="getAllTest()" classname="com.medilabo.patients.unit.PatientControllerTests$getAllTests" time="0.006"/>
  <system-out><![CDATA[2024-03-01T11:50:43.526+01:00  INFO 12720 --- [    Test worker] c.m.p.controller.PatientController       : received request to get all patients 
]]></system-out>
  <system-err><![CDATA[]]></system-err>
</testsuite>
