<?xml version="1.0" encoding="UTF-8"?>
<testsuite name="com.medilabo.patients.unit.PatientTests$validationTests$genderTests" tests="1" skipped="0" failures="0" errors="0" timestamp="2024-03-01T10:50:44" hostname="DESKTOP-DQI6T39" time="0.014">
  <properties/>
  <testcase name="genderNotNull()" classname="com.medilabo.patients.unit.PatientTests$validationTests$genderTests" time="0.014"/>
  <system-out><![CDATA[]]></system-out>
  <system-err><![CDATA[]]></system-err>
</testsuite>
