<?xml version="1.0" encoding="UTF-8"?>
<testsuite name="com.medilabo.patients.integration.PatientIntegrationTests$getAllTests" tests="1" skipped="0" failures="0" errors="0" timestamp="2024-03-01T10:50:42" hostname="DESKTOP-DQI6T39" time="0.033">
  <properties/>
  <testcase name="getAllTest()" classname="com.medilabo.patients.integration.PatientIntegrationTests$getAllTests" time="0.033"/>
  <system-out><![CDATA[2024-03-01T11:50:42.670+01:00  INFO 12720 --- [    Test worker] t.c.s.AnnotationConfigContextLoaderUtils : Could not detect default configuration classes for test class [com.medilabo.patients.integration.PatientIntegrationTests$getAllTests]: getAllTests does not declare any static, non-private, non-final, nested classes annotated with @Configuration.
2024-03-01T11:50:42.674+01:00  INFO 12720 --- [    Test worker] .b.t.c.SpringBootTestContextBootstrapper : Found @SpringBootConfiguration com.medilabo.patients.PatientsApplication for test class com.medilabo.patients.integration.PatientIntegrationTests$getAllTests
2024-03-01T11:50:42.688+01:00  INFO 12720 --- [    Test worker] c.m.p.controller.PatientController       : received request to get all patients 
]]></system-out>
  <system-err><![CDATA[]]></system-err>
</testsuite>
