<?xml version="1.0" encoding="UTF-8"?>
<testsuite name="com.medilabo.patients.unit.PatientTests$validationTests$firstNameTests" tests="2" skipped="0" failures="0" errors="0" timestamp="2024-02-06T12:19:15" hostname="DESKTOP-DQI6T39" time="0.016">
  <properties/>
  <testcase name="firstNameSize()" classname="com.medilabo.patients.unit.PatientTests$validationTests$firstNameTests" time="0.006"/>
  <testcase name="firstNameNotNull()" classname="com.medilabo.patients.unit.PatientTests$validationTests$firstNameTests" time="0.005"/>
  <system-out><![CDATA[]]></system-out>
  <system-err><![CDATA[]]></system-err>
</testsuite>
