<?xml version="1.0" encoding="UTF-8"?>
<testsuite name="com.medilabo.patients.integration.PatientIntegrationTests$addPatientTests" tests="1" skipped="0" failures="0" errors="0" timestamp="2024-02-09T10:47:53" hostname="DESKTOP-DQI6T39" time="0.034">
  <properties/>
  <testcase name="addPatientTest()" classname="com.medilabo.patients.integration.PatientIntegrationTests$addPatientTests" time="0.034"/>
  <system-out><![CDATA[2024-02-09T11:47:53.612+01:00  INFO 16836 --- [    Test worker] t.c.s.AnnotationConfigContextLoaderUtils : Could not detect default configuration classes for test class [com.medilabo.patients.integration.PatientIntegrationTests$addPatientTests]: addPatientTests does not declare any static, non-private, non-final, nested classes annotated with @Configuration.
2024-02-09T11:47:53.617+01:00  INFO 16836 --- [    Test worker] .b.t.c.SpringBootTestContextBootstrapper : Found @SpringBootConfiguration com.medilabo.patients.PatientsApplication for test class com.medilabo.patients.integration.PatientIntegrationTests$addPatientTests
]]></system-out>
  <system-err><![CDATA[]]></system-err>
</testsuite>
