<?xml version="1.0" encoding="UTF-8"?>
<testsuite name="com.medilabo.patients.PatientTests$validationTests$phoneNumberTests" tests="3" skipped="0" failures="0" errors="0" timestamp="2024-01-24T16:44:18" hostname="DESKTOP-DQI6T39" time="0.122">
  <properties/>
  <testcase name="phoneNumberNonNumerical()" classname="com.medilabo.patients.PatientTests$validationTests$phoneNumberTests" time="0.061"/>
  <testcase name="phoneNumberSizeTooBig()" classname="com.medilabo.patients.PatientTests$validationTests$phoneNumberTests" time="0.012"/>
  <testcase name="phoneNumberSizeTooSmall()" classname="com.medilabo.patients.PatientTests$validationTests$phoneNumberTests" time="0.008"/>
  <system-out><![CDATA[]]></system-out>
  <system-err><![CDATA[]]></system-err>
</testsuite>
