<?xml version="1.0" encoding="UTF-8"?>
<testsuite name="com.medilabo.patients.unit.PatientControllerTests$addPatientTests" tests="2" skipped="0" failures="0" errors="0" timestamp="2024-01-26T20:31:32" hostname="DESKTOP-DQI6T39" time="0.029">
  <properties/>
  <testcase name="addPatientTestIfNotPatientValid()" classname="com.medilabo.patients.unit.PatientControllerTests$addPatientTests" time="0.008"/>
  <testcase name="addPatientTest()" classname="com.medilabo.patients.unit.PatientControllerTests$addPatientTests" time="0.011"/>
  <system-out><![CDATA[]]></system-out>
  <system-err><![CDATA[]]></system-err>
</testsuite>
