<?xml version="1.0" encoding="UTF-8"?>
<testsuite name="com.medilabo.patients.PatientControllerTests$addPatientTests" tests="2" skipped="0" failures="0" errors="0" timestamp="2024-01-24T16:44:18" hostname="DESKTOP-DQI6T39" time="0.034">
  <properties/>
  <testcase name="addPatientTestIfNotPatientValid()" classname="com.medilabo.patients.PatientControllerTests$addPatientTests" time="0.017"/>
  <testcase name="addPatientTest()" classname="com.medilabo.patients.PatientControllerTests$addPatientTests" time="0.011"/>
  <system-out><![CDATA[]]></system-out>
  <system-err><![CDATA[]]></system-err>
</testsuite>
