<?xml version="1.0" encoding="UTF-8"?>
<testsuite name="com.medilabo.patients.unit.PatientTests$validationTests$phoneNumberTests" tests="4" skipped="0" failures="0" errors="0" timestamp="2024-03-01T10:50:44" hostname="DESKTOP-DQI6T39" time="0.156">
  <properties/>
  <testcase name="phoneNumberNonNumerical()" classname="com.medilabo.patients.unit.PatientTests$validationTests$phoneNumberTests" time="0.036"/>
  <testcase name="phoneNumberSizeTooBig()" classname="com.medilabo.patients.unit.PatientTests$validationTests$phoneNumberTests" time="0.01"/>
  <testcase name="phoneNumberNull()" classname="com.medilabo.patients.unit.PatientTests$validationTests$phoneNumberTests" time="0.017"/>
  <testcase name="phoneNumberSizeTooSmall()" classname="com.medilabo.patients.unit.PatientTests$validationTests$phoneNumberTests" time="0.03"/>
  <system-out><![CDATA[]]></system-out>
  <system-err><![CDATA[]]></system-err>
</testsuite>
