<?xml version="1.0" encoding="UTF-8"?>
<testsuite name="com.medilabo.patients.UnitTests.PatientTests$validationTests$firstNameTests" tests="2" skipped="0" failures="0" errors="0" timestamp="2024-01-26T14:37:31" hostname="DESKTOP-DQI6T39" time="0.025">
  <properties/>
  <testcase name="firstNameSize()" classname="com.medilabo.patients.UnitTests.PatientTests$validationTests$firstNameTests" time="0.01"/>
  <testcase name="firstNameNotNull()" classname="com.medilabo.patients.UnitTests.PatientTests$validationTests$firstNameTests" time="0.006"/>
  <system-out><![CDATA[]]></system-out>
  <system-err><![CDATA[]]></system-err>
</testsuite>
