<?xml version="1.0" encoding="UTF-8"?>
<testsuite name="com.medilabo.patients.unit.PatientControllerTests$getPatientByIdTests" tests="1" skipped="0" failures="0" errors="0" timestamp="2024-01-26T20:31:32" hostname="DESKTOP-DQI6T39" time="0.004">
  <properties/>
  <testcase name="getPatientByIdTest()" classname="com.medilabo.patients.unit.PatientControllerTests$getPatientByIdTests" time="0.004"/>
  <system-out><![CDATA[]]></system-out>
  <system-err><![CDATA[]]></system-err>
</testsuite>
